Using pre-set license

 COMMAND LINE ARGUMENTS:
/Applications/Unity/Hub/Editor/2020.3.0f1/Unity.app/Contents/MacOS/Unity
-adb2
-batchMode
-noUpm
-name
AssetImportWorker0
-projectPath
/Users/carrie/Documents/github/game1-survivorlike/Survivorlike
-logFile
Logs/AssetImportWorker0.log
-srvPort
60952
Successfully changed project path to: /Users/carrie/Documents/github/game1-survivorlike/Survivorlike
/Users/carrie/Documents/github/game1-survivorlike/Survivorlike
Using Asset Import Pipeline V2.
Refreshing native plugins compatible for Editor in 61.90 ms, found 2 plugins.
Preloading 0 native plugins for Editor in 0.00 ms.
Initialize engine version: 2020.3.0f1 (c7b5465681fb)
[Subsystems] Discovering subsystems at path /Applications/Unity/Hub/Editor/2020.3.0f1/Unity.app/Contents/Resources/UnitySubsystems
[Subsystems] Discovering subsystems at path /Users/carrie/Documents/github/game1-survivorlike/Survivorlike/Assets
GfxDevice: creating device client; threaded=0
2025-04-23 13:39:11.625 Unity[87718:5703754] (null) preferred device: Apple M1 (high power)
2025-04-23 13:39:11.625 Unity[87718:5703754] Metal devices available: 1
2025-04-23 13:39:11.625 Unity[87718:5703754] 0: Apple M1 (high power)
2025-04-23 13:39:11.625 Unity[87718:5703754] Using device Apple M1 (high power)
Initializing Metal device caps: Apple M1
Initialize mono
Mono path[0] = '/Applications/Unity/Hub/Editor/2020.3.0f1/Unity.app/Contents/Managed'
Mono path[1] = '/Applications/Unity/Hub/Editor/2020.3.0f1/Unity.app/Contents/MonoBleedingEdge/lib/mono/unityjit'
Mono config path = '/Applications/Unity/Hub/Editor/2020.3.0f1/Unity.app/Contents/MonoBleedingEdge/etc'
Using monoOptions --debugger-agent=transport=dt_socket,embedding=1,server=y,suspend=n,address=127.0.0.1:56718
Begin MonoManager ReloadAssembly
Registering precompiled unity dll's ...
Register platform support module: /Applications/Unity/Hub/Editor/2020.3.0f1/Unity.app/Contents/PlaybackEngines/MacStandaloneSupport/UnityEditor.OSXStandalone.Extensions.dll
Registered in 0.001287 seconds.
Native extension for OSXStandalone target not found
Refreshing native plugins compatible for Editor in 60.53 ms, found 2 plugins.
Preloading 0 native plugins for Editor in 0.00 ms.
Invoked RoslynAnalysisRunner static constructor.
RoslynAnalysisRunner will not be running.
RoslynAnalysisRunner has terminated.
Mono: successfully reloaded assembly
- Completed reload, in  2.713 seconds
Platform modules already initialized, skipping
Registering precompiled user dll's ...
Registered in 0.001136 seconds.
Begin MonoManager ReloadAssembly
Native extension for OSXStandalone target not found
Refreshing native plugins compatible for Editor in 59.98 ms, found 2 plugins.
Preloading 0 native plugins for Editor in 0.00 ms.
Invoked RoslynAnalysisRunner static constructor.
RoslynAnalysisRunner will not be running.
RoslynAnalysisRunner has terminated.
Mono: successfully reloaded assembly
- Completed reload, in  2.648 seconds
Platform modules already initialized, skipping
========================================================================
Worker process is ready to serve import requests
Launching external process: /Applications/Unity/Hub/Editor/2020.3.0f1/Unity.app/Contents/Tools/UnityShaderCompiler
Launched and connected shader compiler UnityShaderCompiler after 0.22 seconds
Refreshing native plugins compatible for Editor in 0.47 ms, found 2 plugins.
Preloading 0 native plugins for Editor in 0.00 ms.
Unloading 1816 Unused Serialized files (Serialized files now loaded: 0)
System memory in use before: 67.8 MB.
System memory in use after: 67.9 MB.

Unloading 19 unused Assets to reduce memory usage. Loaded Objects now: 2263.
Total: 3.151417 ms (FindLiveObjects: 0.226541 ms CreateObjectMapping: 0.057500 ms MarkObjects: 2.748250 ms  DeleteObjects: 0.117750 ms)

========================================================================
Received Import Request.
  path: Assets/Catnip.png
  artifactKey: Guid(42aa0f32ff7f9468c9a6674f82a73af4) Importer(815301076,1909f56bfc062723c751e8b465ee728b)
Start importing Assets/Catnip.png using Guid(42aa0f32ff7f9468c9a6674f82a73af4) Importer(815301076,1909f56bfc062723c751e8b465ee728b)  -> (artifact id: '1c960f514153bd973356b79cfce52fab') in 1.446711 seconds
  Import took 1.468579 seconds .

========================================================================
Received Import Request.
  Time since last request: 0.001033 seconds.
  path: Assets/Untitled327_20250413014640.png
  artifactKey: Guid(9f803ae863f5640899b827a97730b70d) Importer(815301076,1909f56bfc062723c751e8b465ee728b)
Start importing Assets/Untitled327_20250413014640.png using Guid(9f803ae863f5640899b827a97730b70d) Importer(815301076,1909f56bfc062723c751e8b465ee728b)  -> (artifact id: '5bcd7207c4280c7da836c9ab6b251518') in 0.540269 seconds
  Import took 0.546763 seconds .

========================================================================
Received Import Request.
  Time since last request: 0.000295 seconds.
  path: Assets/Default.prefab
  artifactKey: Guid(70328fa7fd4624952933662edc449ce6) Importer(815301076,1909f56bfc062723c751e8b465ee728b)
Start importing Assets/Default.prefab using Guid(70328fa7fd4624952933662edc449ce6) Importer(815301076,1909f56bfc062723c751e8b465ee728b)  -> (artifact id: '83f2a8e0bd3beebd972884cf70222aeb') in 0.663117 seconds
  Import took 0.668131 seconds .

========================================================================
Received Import Request.
  Time since last request: 0.000292 seconds.
  path: Assets/Yarn.png
  artifactKey: Guid(48ae14095d582477792b03a394687a72) Importer(815301076,1909f56bfc062723c751e8b465ee728b)
Start importing Assets/Yarn.png using Guid(48ae14095d582477792b03a394687a72) Importer(815301076,1909f56bfc062723c751e8b465ee728b)  -> (artifact id: '35fd292e28866c909fbc1f4a2f7650e4') in 0.010391 seconds
  Import took 0.015279 seconds .

========================================================================
Received Import Request.
  Time since last request: 0.000246 seconds.
  path: Assets/Tree.png
  artifactKey: Guid(2a784188577924ead981c45954268d63) Importer(815301076,1909f56bfc062723c751e8b465ee728b)
Start importing Assets/Tree.png using Guid(2a784188577924ead981c45954268d63) Importer(815301076,1909f56bfc062723c751e8b465ee728b)  -> (artifact id: 'ed2a6ad5821472aead0431875e1d9b03') in 0.012323 seconds
  Import took 0.016032 seconds .

========================================================================
Received Import Request.
  Time since last request: 0.000240 seconds.
  path: Assets/pike fish.png
  artifactKey: Guid(2f5fed5c02f394041b817908a0cc6bc7) Importer(815301076,1909f56bfc062723c751e8b465ee728b)
Start importing Assets/pike fish.png using Guid(2f5fed5c02f394041b817908a0cc6bc7) Importer(815301076,1909f56bfc062723c751e8b465ee728b)  -> (artifact id: 'f111bc7d3dcdc30d9d7a615e7009c5b5') in 0.011286 seconds
  Import took 0.015873 seconds .

========================================================================
Received Import Request.
  Time since last request: 0.000318 seconds.
  path: Assets/grass03 1.png
  artifactKey: Guid(c7ac76f92ba0a4856a39764fc8a78d1d) Importer(815301076,1909f56bfc062723c751e8b465ee728b)
Start importing Assets/grass03 1.png using Guid(c7ac76f92ba0a4856a39764fc8a78d1d) Importer(815301076,1909f56bfc062723c751e8b465ee728b)  -> (artifact id: '51827ac727d6c796e65a19518f49625f') in 0.015395 seconds
  Import took 0.019683 seconds .

========================================================================
Received Import Request.
  Time since last request: 0.000269 seconds.
  path: Assets/Pataepollo (1).png
  artifactKey: Guid(d65df3bebc9ca41af96d19a0183a7d58) Importer(815301076,1909f56bfc062723c751e8b465ee728b)
Start importing Assets/Pataepollo (1).png using Guid(d65df3bebc9ca41af96d19a0183a7d58) Importer(815301076,1909f56bfc062723c751e8b465ee728b)  -> (artifact id: '7c61a5ddd8e3c191e59df64a21eb15a1') in 0.007300 seconds
  Import took 0.011349 seconds .

========================================================================
Received Import Request.
  Time since last request: 0.000345 seconds.
  path: Assets/YarnBall.png
  artifactKey: Guid(16a4d57ed0c6d47998c7f66fc1bdad08) Importer(815301076,1909f56bfc062723c751e8b465ee728b)
Start importing Assets/YarnBall.png using Guid(16a4d57ed0c6d47998c7f66fc1bdad08) Importer(815301076,1909f56bfc062723c751e8b465ee728b)  -> (artifact id: '4a57cc3dbf6bdc4ecc6e1ae778425569') in 0.011108 seconds
  Import took 0.015466 seconds .

========================================================================
Received Import Request.
  Time since last request: 0.000230 seconds.
  path: Assets/Untitled328_20250413234803.png
  artifactKey: Guid(4e89c340491854fbf925cdda02c9e063) Importer(815301076,1909f56bfc062723c751e8b465ee728b)
Start importing Assets/Untitled328_20250413234803.png using Guid(4e89c340491854fbf925cdda02c9e063) Importer(815301076,1909f56bfc062723c751e8b465ee728b)  -> (artifact id: '90ebfd1efa744c4de32889c12824677c') in 0.266396 seconds
  Import took 0.270769 seconds .

========================================================================
Received Import Request.
  Time since last request: 0.000276 seconds.
  path: Assets/grass03.png
  artifactKey: Guid(b39cdc56840024571bf3ab9f46f82e55) Importer(815301076,1909f56bfc062723c751e8b465ee728b)
Start importing Assets/grass03.png using Guid(b39cdc56840024571bf3ab9f46f82e55) Importer(815301076,1909f56bfc062723c751e8b465ee728b)  -> (artifact id: '79a60f086cd5b433e1a79ce78ac26d0f') in 0.015714 seconds
  Import took 0.019385 seconds .

========================================================================
Received Import Request.
  Time since last request: 0.000253 seconds.
  path: Assets/Untitled327_20250413014640_0.asset
  artifactKey: Guid(a30b63850bd73447aae2306b4370e817) Importer(815301076,1909f56bfc062723c751e8b465ee728b)
Start importing Assets/Untitled327_20250413014640_0.asset using Guid(a30b63850bd73447aae2306b4370e817) Importer(815301076,1909f56bfc062723c751e8b465ee728b)  -> (artifact id: '1221c4719fa4cbe268989453314dab72') in 0.134044 seconds
  Import took 0.137749 seconds .

